<?xml version="1.0" encoding="UTF-8"?>
<trace:TraceModel
    xmi:version="2.0"
    xmlns:xmi="http://www.omg.org/XMI"
    xmlns:trace="http://www.eclipse.org/gmf/2006/Trace">
  <nodeTraces
      visualID="2001"
      queryText="(let _eClass_:ecore::EClass = modelFacet.metaClass.ecoreClass in _eClass_.ePackage.nsURI = 'MediaLibrary' and _eClass_.name = 'Tablet') and (let _containmentMF_:ecore::EStructuralFeature = modelFacet.containmentMetaFeature.ecoreFeature in (let _eClass_:ecore::EClass = _containmentMF_.eContainingClass in _eClass_.ePackage.nsURI = 'MediaLibrary' and _eClass_.name = 'Ecosystem') and _containmentMF_.name = 'devices')">
    <nodeLabelTraces
        visualID="5001"
        queryText="true"/>
  </nodeTraces>
  <nodeTraces
      visualID="2002"
      queryText="(let _eClass_:ecore::EClass = modelFacet.metaClass.ecoreClass in _eClass_.ePackage.nsURI = 'MediaLibrary' and _eClass_.name = 'Computer') and (let _containmentMF_:ecore::EStructuralFeature = modelFacet.containmentMetaFeature.ecoreFeature in (let _eClass_:ecore::EClass = _containmentMF_.eContainingClass in _eClass_.ePackage.nsURI = 'MediaLibrary' and _eClass_.name = 'Ecosystem') and _containmentMF_.name = 'devices')">
    <nodeLabelTraces
        visualID="5002"
        queryText="true"/>
  </nodeTraces>
  <nodeTraces
      visualID="2003"
      queryText="(let _eClass_:ecore::EClass = modelFacet.metaClass.ecoreClass in _eClass_.ePackage.nsURI = 'MediaLibrary' and _eClass_.name = 'Smartphone') and (let _containmentMF_:ecore::EStructuralFeature = modelFacet.containmentMetaFeature.ecoreFeature in (let _eClass_:ecore::EClass = _containmentMF_.eContainingClass in _eClass_.ePackage.nsURI = 'MediaLibrary' and _eClass_.name = 'Ecosystem') and _containmentMF_.name = 'devices')">
    <nodeLabelTraces
        visualID="5003"
        queryText="true"/>
  </nodeTraces>
  <nodeTraces
      visualID="2004"
      queryText="(let _eClass_:ecore::EClass = modelFacet.metaClass.ecoreClass in _eClass_.ePackage.nsURI = 'MediaLibrary' and _eClass_.name = 'EReader') and (let _containmentMF_:ecore::EStructuralFeature = modelFacet.containmentMetaFeature.ecoreFeature in (let _eClass_:ecore::EClass = _containmentMF_.eContainingClass in _eClass_.ePackage.nsURI = 'MediaLibrary' and _eClass_.name = 'Ecosystem') and _containmentMF_.name = 'devices')">
    <nodeLabelTraces
        visualID="5004"
        queryText="true"/>
  </nodeTraces>
  <nodeTraces
      visualID="2005"
      queryText="(let _eClass_:ecore::EClass = modelFacet.metaClass.ecoreClass in _eClass_.ePackage.nsURI = 'MediaLibrary' and _eClass_.name = 'ExternalSource') and (let _containmentMF_:ecore::EStructuralFeature = modelFacet.containmentMetaFeature.ecoreFeature in (let _eClass_:ecore::EClass = _containmentMF_.eContainingClass in _eClass_.ePackage.nsURI = 'MediaLibrary' and _eClass_.name = 'Ecosystem') and _containmentMF_.name = 'mediaSources')">
    <nodeLabelTraces
        visualID="5005"
        queryText="true"/>
  </nodeTraces>
  <nodeTraces
      visualID="2006"
      queryText="(let _eClass_:ecore::EClass = modelFacet.metaClass.ecoreClass in _eClass_.ePackage.nsURI = 'MediaLibrary' and _eClass_.name = 'Store') and (let _containmentMF_:ecore::EStructuralFeature = modelFacet.containmentMetaFeature.ecoreFeature in (let _eClass_:ecore::EClass = _containmentMF_.eContainingClass in _eClass_.ePackage.nsURI = 'MediaLibrary' and _eClass_.name = 'Ecosystem') and _containmentMF_.name = 'mediaSources')">
    <nodeLabelTraces
        visualID="5006"
        queryText="true"/>
  </nodeTraces>
  <nodeTraces
      visualID="2007"
      queryText="(let _eClass_:ecore::EClass = modelFacet.metaClass.ecoreClass in _eClass_.ePackage.nsURI = 'MediaLibrary' and _eClass_.name = 'Library') and (let _containmentMF_:ecore::EStructuralFeature = modelFacet.containmentMetaFeature.ecoreFeature in (let _eClass_:ecore::EClass = _containmentMF_.eContainingClass in _eClass_.ePackage.nsURI = 'MediaLibrary' and _eClass_.name = 'Ecosystem') and _containmentMF_.name = 'libraries')">
    <nodeLabelTraces
        visualID="5013"
        queryText="true"/>
    <compartmentTraces
        visualID="7001"
        queryText="true"/>
  </nodeTraces>
  <childNodeTraces
      visualID="3001"
      queryText="(let _eClass_:ecore::EClass = modelFacet.metaClass.ecoreClass in _eClass_.ePackage.nsURI = 'MediaLibrary' and _eClass_.name = 'MediaCollection') and (let _containmentMF_:ecore::EStructuralFeature = modelFacet.containmentMetaFeature.ecoreFeature in (let _eClass_:ecore::EClass = _containmentMF_.eContainingClass in _eClass_.ePackage.nsURI = 'MediaLibrary' and _eClass_.name = 'Library') and _containmentMF_.name = 'collections')">
    <nodeLabelTraces
        visualID="5012"
        queryText="true"/>
    <compartmentTraces
        visualID="7002"
        queryText="true"/>
  </childNodeTraces>
  <childNodeTraces
      visualID="3002"
      queryText="(let _eClass_:ecore::EClass = modelFacet.metaClass.ecoreClass in _eClass_.ePackage.nsURI = 'MediaLibrary' and _eClass_.name = 'AudioBook') and (let _containmentMF_:ecore::EStructuralFeature = modelFacet.containmentMetaFeature.ecoreFeature in (let _eClass_:ecore::EClass = _containmentMF_.eContainingClass in _eClass_.ePackage.nsURI = 'MediaLibrary' and _eClass_.name = 'MediaCollection') and _containmentMF_.name = 'members')">
    <nodeLabelTraces
        visualID="5007"
        queryText="true"/>
  </childNodeTraces>
  <childNodeTraces
      visualID="3003"
      queryText="(let _eClass_:ecore::EClass = modelFacet.metaClass.ecoreClass in _eClass_.ePackage.nsURI = 'MediaLibrary' and _eClass_.name = 'MusicTrack') and (let _containmentMF_:ecore::EStructuralFeature = modelFacet.containmentMetaFeature.ecoreFeature in (let _eClass_:ecore::EClass = _containmentMF_.eContainingClass in _eClass_.ePackage.nsURI = 'MediaLibrary' and _eClass_.name = 'MediaCollection') and _containmentMF_.name = 'members')">
    <nodeLabelTraces
        visualID="5008"
        queryText="true"/>
  </childNodeTraces>
  <childNodeTraces
      visualID="3004"
      queryText="(let _eClass_:ecore::EClass = modelFacet.metaClass.ecoreClass in _eClass_.ePackage.nsURI = 'MediaLibrary' and _eClass_.name = 'Video') and (let _containmentMF_:ecore::EStructuralFeature = modelFacet.containmentMetaFeature.ecoreFeature in (let _eClass_:ecore::EClass = _containmentMF_.eContainingClass in _eClass_.ePackage.nsURI = 'MediaLibrary' and _eClass_.name = 'MediaCollection') and _containmentMF_.name = 'members')">
    <nodeLabelTraces
        visualID="5009"
        queryText="true"/>
  </childNodeTraces>
  <childNodeTraces
      visualID="3005"
      queryText="(let _eClass_:ecore::EClass = modelFacet.metaClass.ecoreClass in _eClass_.ePackage.nsURI = 'MediaLibrary' and _eClass_.name = 'Image') and (let _containmentMF_:ecore::EStructuralFeature = modelFacet.containmentMetaFeature.ecoreFeature in (let _eClass_:ecore::EClass = _containmentMF_.eContainingClass in _eClass_.ePackage.nsURI = 'MediaLibrary' and _eClass_.name = 'MediaCollection') and _containmentMF_.name = 'members')">
    <nodeLabelTraces
        visualID="5010"
        queryText="true"/>
  </childNodeTraces>
  <childNodeTraces
      visualID="3006"
      queryText="(let _eClass_:ecore::EClass = modelFacet.metaClass.ecoreClass in _eClass_.ePackage.nsURI = 'MediaLibrary' and _eClass_.name = 'Ebook') and (let _containmentMF_:ecore::EStructuralFeature = modelFacet.containmentMetaFeature.ecoreFeature in (let _eClass_:ecore::EClass = _containmentMF_.eContainingClass in _eClass_.ePackage.nsURI = 'MediaLibrary' and _eClass_.name = 'MediaCollection') and _containmentMF_.name = 'members')">
    <nodeLabelTraces
        visualID="5011"
        queryText="true"/>
  </childNodeTraces>
  <linkTraces
      visualID="4001"
      queryText="modelFacet.oclIsKindOf(gmfgen::FeatureLinkModelFacet) and (let _feature_:ecore::EStructuralFeature = modelFacet.oclAsType(gmfgen::FeatureLinkModelFacet).metaFeature.ecoreFeature in (let _eClass_:ecore::EClass = _feature_.eContainingClass in _eClass_.ePackage.nsURI = 'MediaLibrary' and _eClass_.name = 'MediaCollection') and _feature_.name = 'host')">
    <linkLabelTraces
        visualID="6001"
        queryText="true"/>
  </linkTraces>
  <linkTraces
      visualID="4002"
      queryText="modelFacet.oclIsKindOf(gmfgen::FeatureLinkModelFacet) and (let _feature_:ecore::EStructuralFeature = modelFacet.oclAsType(gmfgen::FeatureLinkModelFacet).metaFeature.ecoreFeature in (let _eClass_:ecore::EClass = _feature_.eContainingClass in _eClass_.ePackage.nsURI = 'MediaLibrary' and _eClass_.name = 'MediaCollection') and _feature_.name = 'syncedDevices')">
    <linkLabelTraces
        visualID="6002"
        queryText="true"/>
  </linkTraces>
  <linkTraces
      visualID="4003"
      queryText="modelFacet.oclIsKindOf(gmfgen::FeatureLinkModelFacet) and (let _feature_:ecore::EStructuralFeature = modelFacet.oclAsType(gmfgen::FeatureLinkModelFacet).metaFeature.ecoreFeature in (let _eClass_:ecore::EClass = _feature_.eContainingClass in _eClass_.ePackage.nsURI = 'MediaLibrary' and _eClass_.name = 'Artifact') and _feature_.name = 'origin')">
    <linkLabelTraces
        visualID="6003"
        queryText="true"/>
  </linkTraces>
</trace:TraceModel>
